[ 2017-06-27T14:31:40+08:00 ] 61.178.69.249 /admin/index.php/Home/index
INFO: [ app_init ] --START--
INFO: [ app_init ] --END-- [ RunTime:0.000000s ]
INFO: [ path_info ] --START--
INFO: [ path_info ] --END-- [ RunTime:0.000000s ]
INFO: [ app_begin ] --START--
INFO: Run Behavior\ReadHtmlCache [ RunTime:0.000000s ]
INFO: [ app_begin ] --END-- [ RunTime:0.000000s ]
INFO: [ action_begin ] --START--
INFO: [ action_begin ] --END-- [ RunTime:0.000000s ]
INFO: [ view_begin ] --START--
INFO: [ view_begin ] --END-- [ RunTime:0.000000s ]
ERR: 模板不存在:E:/cnyzWAP/admin/Home/View/index/index.html

[ 2017-06-27T14:31:57+08:00 ] 61.178.69.249 /admin/index.php/Home/Index/login
INFO: [ app_init ] --START--
INFO: [ app_init ] --END-- [ RunTime:0.000000s ]
INFO: [ path_info ] --START--
INFO: [ path_info ] --END-- [ RunTime:0.000000s ]
INFO: [ app_begin ] --START--
INFO: Run Behavior\ReadHtmlCache [ RunTime:0.000000s ]
INFO: [ app_begin ] --END-- [ RunTime:0.000000s ]
INFO: [ action_begin ] --START--
INFO: [ action_begin ] --END-- [ RunTime:0.000000s ]

