[ 2017-06-25T17:09:05+08:00 ] 127.0.0.1 /zp/wx/
INFO: [ app_init ] --START--
INFO: [ app_init ] --END-- [ RunTime:0.000202s ]
INFO: [ app_begin ] --START--
INFO: Run Behavior\ReadHtmlCache [ RunTime:0.000149s ]
INFO: [ app_begin ] --END-- [ RunTime:0.000378s ]
INFO: [ action_begin ] --START--
INFO: [ action_begin ] --END-- [ RunTime:0.000342s ]
INFO: [ view_begin ] --START--
INFO: [ view_begin ] --END-- [ RunTime:0.000133s ]
INFO: [ view_parse ] --START--
INFO: [ template_filter ] --START--
INFO: Run Behavior\ContentReplace [ RunTime:0.000437s ]
INFO: [ template_filter ] --END-- [ RunTime:0.003175s ]
INFO: Run Behavior\ParseTemplate [ RunTime:0.053487s ]
INFO: [ view_parse ] --END-- [ RunTime:0.054115s ]
INFO: [ view_filter ] --START--
INFO: Run Behavior\WriteHtmlCache [ RunTime:0.000091s ]
INFO: [ view_filter ] --END-- [ RunTime:0.000372s ]
INFO: [ view_end ] --START--
INFO: [ view_end ] --END-- [ RunTime:0.000329s ]
INFO: [ app_end ] --START--
INFO: Run Behavior\ShowPageTrace [ RunTime:0.000386s ]
INFO: [ app_end ] --END-- [ RunTime:0.001439s ]

[ 2017-06-25T17:12:30+08:00 ] 127.0.0.1 /zp/wx/
INFO: [ app_init ] --START--
INFO: [ app_init ] --END-- [ RunTime:0.002236s ]
INFO: [ app_begin ] --START--
INFO: Run Behavior\ReadHtmlCache [ RunTime:0.000150s ]
INFO: [ app_begin ] --END-- [ RunTime:0.000438s ]
INFO: [ action_begin ] --START--
INFO: [ action_begin ] --END-- [ RunTime:0.000179s ]
ERR: Think\Controller:dispaly方法不存在！

[ 2017-06-25T17:12:46+08:00 ] 127.0.0.1 /zp/wx/
INFO: [ app_init ] --START--
INFO: [ app_init ] --END-- [ RunTime:0.002704s ]
INFO: [ app_begin ] --START--
INFO: Run Behavior\ReadHtmlCache [ RunTime:0.000284s ]
INFO: [ app_begin ] --END-- [ RunTime:0.000512s ]
INFO: [ action_begin ] --START--
INFO: [ action_begin ] --END-- [ RunTime:0.000138s ]
INFO: [ view_begin ] --START--
INFO: [ view_begin ] --END-- [ RunTime:0.000095s ]
INFO: [ view_parse ] --START--
INFO: [ template_filter ] --START--
INFO: Run Behavior\ContentReplace [ RunTime:0.000185s ]
INFO: [ template_filter ] --END-- [ RunTime:0.000428s ]
INFO: Run Behavior\ParseTemplate [ RunTime:0.011958s ]
INFO: [ view_parse ] --END-- [ RunTime:0.012260s ]
INFO: [ view_filter ] --START--
INFO: Run Behavior\WriteHtmlCache [ RunTime:0.000060s ]
INFO: [ view_filter ] --END-- [ RunTime:0.000226s ]
INFO: [ view_end ] --START--
INFO: [ view_end ] --END-- [ RunTime:0.000069s ]
INFO: [ app_end ] --START--
INFO: Run Behavior\ShowPageTrace [ RunTime:0.000216s ]
INFO: [ app_end ] --END-- [ RunTime:0.000589s ]

[ 2017-06-25T17:12:50+08:00 ] 127.0.0.1 /zp/wx/
INFO: [ app_init ] --START--
INFO: [ app_init ] --END-- [ RunTime:0.001614s ]
INFO: [ app_begin ] --START--
INFO: Run Behavior\ReadHtmlCache [ RunTime:0.000220s ]
INFO: [ app_begin ] --END-- [ RunTime:0.000436s ]
INFO: [ action_begin ] --START--
INFO: [ action_begin ] --END-- [ RunTime:0.000167s ]
INFO: [ view_begin ] --START--
INFO: [ view_begin ] --END-- [ RunTime:0.000080s ]
INFO: [ view_parse ] --START--
INFO: [ template_filter ] --START--
INFO: Run Behavior\ContentReplace [ RunTime:0.000233s ]
INFO: [ template_filter ] --END-- [ RunTime:0.000736s ]
INFO: Run Behavior\ParseTemplate [ RunTime:0.011922s ]
INFO: [ view_parse ] --END-- [ RunTime:0.012204s ]
INFO: [ view_filter ] --START--
INFO: Run Behavior\WriteHtmlCache [ RunTime:0.000057s ]
INFO: [ view_filter ] --END-- [ RunTime:0.000215s ]
INFO: [ view_end ] --START--
INFO: [ view_end ] --END-- [ RunTime:0.000111s ]
INFO: [ app_end ] --START--
INFO: Run Behavior\ShowPageTrace [ RunTime:0.000119s ]
INFO: [ app_end ] --END-- [ RunTime:0.000267s ]

[ 2017-06-25T17:13:22+08:00 ] 127.0.0.1 /zp/wx/
INFO: [ app_init ] --START--
INFO: [ app_init ] --END-- [ RunTime:0.001690s ]
INFO: [ app_begin ] --START--
INFO: Run Behavior\ReadHtmlCache [ RunTime:0.000151s ]
INFO: [ app_begin ] --END-- [ RunTime:0.000368s ]
INFO: [ action_begin ] --START--
INFO: [ action_begin ] --END-- [ RunTime:0.000141s ]
INFO: [ view_begin ] --START--
INFO: [ view_begin ] --END-- [ RunTime:0.000383s ]
INFO: [ view_parse ] --START--
INFO: [ template_filter ] --START--
INFO: Run Behavior\ContentReplace [ RunTime:0.000211s ]
INFO: [ template_filter ] --END-- [ RunTime:0.000513s ]
INFO: Run Behavior\ParseTemplate [ RunTime:0.020822s ]
INFO: [ view_parse ] --END-- [ RunTime:0.021150s ]
INFO: [ view_filter ] --START--
INFO: Run Behavior\WriteHtmlCache [ RunTime:0.000064s ]
INFO: [ view_filter ] --END-- [ RunTime:0.000380s ]
INFO: [ view_end ] --START--
INFO: [ view_end ] --END-- [ RunTime:0.000074s ]
INFO: [ app_end ] --START--
INFO: Run Behavior\ShowPageTrace [ RunTime:0.000123s ]
INFO: [ app_end ] --END-- [ RunTime:0.000276s ]

[ 2017-06-25T17:41:25+08:00 ] 127.0.0.1 /zp/wx/
INFO: [ app_init ] --START--
INFO: [ app_init ] --END-- [ RunTime:0.001781s ]
INFO: [ app_begin ] --START--
INFO: Run Behavior\ReadHtmlCache [ RunTime:0.000157s ]
INFO: [ app_begin ] --END-- [ RunTime:0.000384s ]
INFO: [ action_begin ] --START--
INFO: [ action_begin ] --END-- [ RunTime:0.000297s ]
INFO: [ view_begin ] --START--
INFO: [ view_begin ] --END-- [ RunTime:0.000106s ]
INFO: [ view_parse ] --START--
INFO: [ template_filter ] --START--
INFO: Run Behavior\ContentReplace [ RunTime:0.000185s ]
INFO: [ template_filter ] --END-- [ RunTime:0.000781s ]
INFO: Run Behavior\ParseTemplate [ RunTime:0.023604s ]
INFO: [ view_parse ] --END-- [ RunTime:0.023951s ]
INFO: [ view_filter ] --START--
INFO: Run Behavior\WriteHtmlCache [ RunTime:0.000062s ]
INFO: [ view_filter ] --END-- [ RunTime:0.000310s ]
INFO: [ view_end ] --START--
INFO: [ view_end ] --END-- [ RunTime:0.000068s ]
INFO: [ app_end ] --START--
INFO: Run Behavior\ShowPageTrace [ RunTime:0.000116s ]
INFO: [ app_end ] --END-- [ RunTime:0.000267s ]

[ 2017-06-25T17:41:26+08:00 ] 127.0.0.1 /zp/wx/
INFO: [ app_init ] --START--
INFO: [ app_init ] --END-- [ RunTime:0.001622s ]
INFO: [ app_begin ] --START--
INFO: Run Behavior\ReadHtmlCache [ RunTime:0.000238s ]
INFO: [ app_begin ] --END-- [ RunTime:0.000592s ]
INFO: [ action_begin ] --START--
INFO: [ action_begin ] --END-- [ RunTime:0.000277s ]
INFO: [ view_begin ] --START--
INFO: [ view_begin ] --END-- [ RunTime:0.000138s ]
INFO: [ view_parse ] --START--
INFO: [ template_filter ] --START--
INFO: Run Behavior\ContentReplace [ RunTime:0.000278s ]
INFO: [ template_filter ] --END-- [ RunTime:0.000728s ]
INFO: Run Behavior\ParseTemplate [ RunTime:0.034735s ]
INFO: [ view_parse ] --END-- [ RunTime:0.035172s ]
INFO: [ view_filter ] --START--
INFO: Run Behavior\WriteHtmlCache [ RunTime:0.000089s ]
INFO: [ view_filter ] --END-- [ RunTime:0.000377s ]
INFO: [ view_end ] --START--
INFO: [ view_end ] --END-- [ RunTime:0.000094s ]
INFO: [ app_end ] --START--
INFO: Run Behavior\ShowPageTrace [ RunTime:0.000163s ]
INFO: [ app_end ] --END-- [ RunTime:0.000452s ]

[ 2017-06-25T17:41:27+08:00 ] 127.0.0.1 /zp/wx/
INFO: [ app_init ] --START--
INFO: [ app_init ] --END-- [ RunTime:0.001822s ]
INFO: [ app_begin ] --START--
INFO: Run Behavior\ReadHtmlCache [ RunTime:0.000162s ]
INFO: [ app_begin ] --END-- [ RunTime:0.000361s ]
INFO: [ action_begin ] --START--
INFO: [ action_begin ] --END-- [ RunTime:0.000134s ]
INFO: [ view_begin ] --START--
INFO: [ view_begin ] --END-- [ RunTime:0.000081s ]
INFO: [ view_parse ] --START--
INFO: [ template_filter ] --START--
INFO: Run Behavior\ContentReplace [ RunTime:0.000186s ]
INFO: [ template_filter ] --END-- [ RunTime:0.000580s ]
INFO: Run Behavior\ParseTemplate [ RunTime:0.021331s ]
INFO: [ view_parse ] --END-- [ RunTime:0.021670s ]
INFO: [ view_filter ] --START--
INFO: Run Behavior\WriteHtmlCache [ RunTime:0.000072s ]
INFO: [ view_filter ] --END-- [ RunTime:0.000324s ]
INFO: [ view_end ] --START--
INFO: [ view_end ] --END-- [ RunTime:0.000121s ]
INFO: [ app_end ] --START--
INFO: Run Behavior\ShowPageTrace [ RunTime:0.000122s ]
INFO: [ app_end ] --END-- [ RunTime:0.000323s ]

[ 2017-06-25T17:41:28+08:00 ] 127.0.0.1 /zp/wx/
INFO: [ app_init ] --START--
INFO: [ app_init ] --END-- [ RunTime:0.001820s ]
INFO: [ app_begin ] --START--
INFO: Run Behavior\ReadHtmlCache [ RunTime:0.000144s ]
INFO: [ app_begin ] --END-- [ RunTime:0.000342s ]
INFO: [ action_begin ] --START--
INFO: [ action_begin ] --END-- [ RunTime:0.000178s ]
INFO: [ view_begin ] --START--
INFO: [ view_begin ] --END-- [ RunTime:0.000134s ]
INFO: [ view_parse ] --START--
INFO: [ template_filter ] --START--
INFO: Run Behavior\ContentReplace [ RunTime:0.000175s ]
INFO: [ template_filter ] --END-- [ RunTime:0.000452s ]
INFO: Run Behavior\ParseTemplate [ RunTime:0.024574s ]
INFO: [ view_parse ] --END-- [ RunTime:0.024925s ]
INFO: [ view_filter ] --START--
INFO: Run Behavior\WriteHtmlCache [ RunTime:0.000053s ]
INFO: [ view_filter ] --END-- [ RunTime:0.000208s ]
INFO: [ view_end ] --START--
INFO: [ view_end ] --END-- [ RunTime:0.000124s ]
INFO: [ app_end ] --START--
INFO: Run Behavior\ShowPageTrace [ RunTime:0.000115s ]
INFO: [ app_end ] --END-- [ RunTime:0.000264s ]

[ 2017-06-25T17:41:28+08:00 ] 127.0.0.1 /zp/wx/
INFO: [ app_init ] --START--
INFO: [ app_init ] --END-- [ RunTime:0.001775s ]
INFO: [ app_begin ] --START--
INFO: Run Behavior\ReadHtmlCache [ RunTime:0.000225s ]
INFO: [ app_begin ] --END-- [ RunTime:0.000560s ]
INFO: [ action_begin ] --START--
INFO: [ action_begin ] --END-- [ RunTime:0.000200s ]
INFO: [ view_begin ] --START--
INFO: [ view_begin ] --END-- [ RunTime:0.000084s ]
INFO: [ view_parse ] --START--
INFO: [ template_filter ] --START--
INFO: Run Behavior\ContentReplace [ RunTime:0.000181s ]
INFO: [ template_filter ] --END-- [ RunTime:0.000470s ]
INFO: Run Behavior\ParseTemplate [ RunTime:0.019805s ]
INFO: [ view_parse ] --END-- [ RunTime:0.020054s ]
INFO: [ view_filter ] --START--
INFO: Run Behavior\WriteHtmlCache [ RunTime:0.000092s ]
INFO: [ view_filter ] --END-- [ RunTime:0.000458s ]
INFO: [ view_end ] --START--
INFO: [ view_end ] --END-- [ RunTime:0.000120s ]
INFO: [ app_end ] --START--
INFO: Run Behavior\ShowPageTrace [ RunTime:0.000314s ]
INFO: [ app_end ] --END-- [ RunTime:0.000740s ]

[ 2017-06-25T17:41:28+08:00 ] 127.0.0.1 /zp/wx/
INFO: [ app_init ] --START--
INFO: [ app_init ] --END-- [ RunTime:0.002045s ]
INFO: [ app_begin ] --START--
INFO: Run Behavior\ReadHtmlCache [ RunTime:0.000165s ]
INFO: [ app_begin ] --END-- [ RunTime:0.000408s ]
INFO: [ action_begin ] --START--
INFO: [ action_begin ] --END-- [ RunTime:0.000176s ]
INFO: [ view_begin ] --START--
INFO: [ view_begin ] --END-- [ RunTime:0.000084s ]
INFO: [ view_parse ] --START--
INFO: [ template_filter ] --START--
INFO: Run Behavior\ContentReplace [ RunTime:0.000267s ]
INFO: [ template_filter ] --END-- [ RunTime:0.000682s ]
INFO: Run Behavior\ParseTemplate [ RunTime:0.025381s ]
INFO: [ view_parse ] --END-- [ RunTime:0.025825s ]
INFO: [ view_filter ] --START--
INFO: Run Behavior\WriteHtmlCache [ RunTime:0.000087s ]
INFO: [ view_filter ] --END-- [ RunTime:0.000495s ]
INFO: [ view_end ] --START--
INFO: [ view_end ] --END-- [ RunTime:0.000129s ]
INFO: [ app_end ] --START--
INFO: Run Behavior\ShowPageTrace [ RunTime:0.000185s ]
INFO: [ app_end ] --END-- [ RunTime:0.000432s ]

[ 2017-06-25T17:43:39+08:00 ] 127.0.0.1 /zp/wx/
INFO: [ app_init ] --START--
INFO: [ app_init ] --END-- [ RunTime:0.001966s ]
INFO: [ app_begin ] --START--
INFO: Run Behavior\ReadHtmlCache [ RunTime:0.000152s ]
INFO: [ app_begin ] --END-- [ RunTime:0.000417s ]
INFO: [ action_begin ] --START--
INFO: [ action_begin ] --END-- [ RunTime:0.000206s ]
INFO: [ view_begin ] --START--
INFO: [ view_begin ] --END-- [ RunTime:0.000204s ]
INFO: [ view_parse ] --START--
INFO: [ template_filter ] --START--
INFO: Run Behavior\ContentReplace [ RunTime:0.000290s ]
INFO: [ template_filter ] --END-- [ RunTime:0.000980s ]
INFO: Run Behavior\ParseTemplate [ RunTime:0.055071s ]
INFO: [ view_parse ] --END-- [ RunTime:0.055518s ]
INFO: [ view_filter ] --START--
INFO: Run Behavior\WriteHtmlCache [ RunTime:0.000090s ]
INFO: [ view_filter ] --END-- [ RunTime:0.000385s ]
INFO: [ view_end ] --START--
INFO: [ view_end ] --END-- [ RunTime:0.000388s ]
INFO: [ app_end ] --START--
INFO: Run Behavior\ShowPageTrace [ RunTime:0.000214s ]
INFO: [ app_end ] --END-- [ RunTime:0.000577s ]

[ 2017-06-25T17:43:40+08:00 ] 127.0.0.1 /zp/wx/
INFO: [ app_init ] --START--
INFO: [ app_init ] --END-- [ RunTime:0.001739s ]
INFO: [ app_begin ] --START--
INFO: Run Behavior\ReadHtmlCache [ RunTime:0.000248s ]
INFO: [ app_begin ] --END-- [ RunTime:0.000524s ]
INFO: [ action_begin ] --START--
INFO: [ action_begin ] --END-- [ RunTime:0.000183s ]
INFO: [ view_begin ] --START--
INFO: [ view_begin ] --END-- [ RunTime:0.000185s ]
INFO: [ view_parse ] --START--
INFO: [ template_filter ] --START--
INFO: Run Behavior\ContentReplace [ RunTime:0.000287s ]
INFO: [ template_filter ] --END-- [ RunTime:0.000690s ]
INFO: Run Behavior\ParseTemplate [ RunTime:0.025653s ]
INFO: [ view_parse ] --END-- [ RunTime:0.026023s ]
INFO: [ view_filter ] --START--
INFO: Run Behavior\WriteHtmlCache [ RunTime:0.000089s ]
INFO: [ view_filter ] --END-- [ RunTime:0.000345s ]
INFO: [ view_end ] --START--
INFO: [ view_end ] --END-- [ RunTime:0.000105s ]
INFO: [ app_end ] --START--
INFO: Run Behavior\ShowPageTrace [ RunTime:0.000176s ]
INFO: [ app_end ] --END-- [ RunTime:0.000401s ]

[ 2017-06-25T17:43:41+08:00 ] 127.0.0.1 /zp/wx/
INFO: [ app_init ] --START--
INFO: [ app_init ] --END-- [ RunTime:0.002356s ]
INFO: [ app_begin ] --START--
INFO: Run Behavior\ReadHtmlCache [ RunTime:0.000334s ]
INFO: [ app_begin ] --END-- [ RunTime:0.000667s ]
INFO: [ action_begin ] --START--
INFO: [ action_begin ] --END-- [ RunTime:0.000133s ]
INFO: [ view_begin ] --START--
INFO: [ view_begin ] --END-- [ RunTime:0.000108s ]
INFO: [ view_parse ] --START--
INFO: [ template_filter ] --START--
INFO: Run Behavior\ContentReplace [ RunTime:0.000233s ]
INFO: [ template_filter ] --END-- [ RunTime:0.000528s ]
INFO: Run Behavior\ParseTemplate [ RunTime:0.017325s ]
INFO: [ view_parse ] --END-- [ RunTime:0.017564s ]
INFO: [ view_filter ] --START--
INFO: Run Behavior\WriteHtmlCache [ RunTime:0.000058s ]
INFO: [ view_filter ] --END-- [ RunTime:0.000253s ]
INFO: [ view_end ] --START--
INFO: [ view_end ] --END-- [ RunTime:0.000066s ]
INFO: [ app_end ] --START--
INFO: Run Behavior\ShowPageTrace [ RunTime:0.000117s ]
INFO: [ app_end ] --END-- [ RunTime:0.000265s ]

[ 2017-06-25T17:44:14+08:00 ] 127.0.0.1 /zp/wx/index.php
INFO: [ app_init ] --START--
INFO: [ app_init ] --END-- [ RunTime:0.002266s ]
INFO: [ app_begin ] --START--
INFO: Run Behavior\ReadHtmlCache [ RunTime:0.000215s ]
INFO: [ app_begin ] --END-- [ RunTime:0.000546s ]
INFO: [ action_begin ] --START--
INFO: [ action_begin ] --END-- [ RunTime:0.000215s ]
INFO: [ view_begin ] --START--
INFO: [ view_begin ] --END-- [ RunTime:0.000144s ]
INFO: [ view_parse ] --START--
INFO: [ template_filter ] --START--
INFO: Run Behavior\ContentReplace [ RunTime:0.000244s ]
INFO: [ template_filter ] --END-- [ RunTime:0.002987s ]
INFO: Run Behavior\ParseTemplate [ RunTime:0.030431s ]
INFO: [ view_parse ] --END-- [ RunTime:0.030839s ]
INFO: [ view_filter ] --START--
INFO: Run Behavior\WriteHtmlCache [ RunTime:0.000087s ]
INFO: [ view_filter ] --END-- [ RunTime:0.000358s ]
INFO: [ view_end ] --START--
INFO: [ view_end ] --END-- [ RunTime:0.000138s ]
INFO: [ app_end ] --START--
INFO: Run Behavior\ShowPageTrace [ RunTime:0.000123s ]
INFO: [ app_end ] --END-- [ RunTime:0.000277s ]

[ 2017-06-25T17:44:40+08:00 ] 127.0.0.1 /zp/wx/
INFO: [ app_init ] --START--
INFO: [ app_init ] --END-- [ RunTime:0.001711s ]
INFO: [ app_begin ] --START--
INFO: Run Behavior\ReadHtmlCache [ RunTime:0.000150s ]
INFO: [ app_begin ] --END-- [ RunTime:0.000361s ]
INFO: [ action_begin ] --START--
INFO: [ action_begin ] --END-- [ RunTime:0.000221s ]
INFO: [ view_begin ] --START--
INFO: [ view_begin ] --END-- [ RunTime:0.000144s ]
INFO: [ view_parse ] --START--
INFO: [ template_filter ] --START--
INFO: Run Behavior\ContentReplace [ RunTime:0.000181s ]
INFO: [ template_filter ] --END-- [ RunTime:0.000465s ]
INFO: Run Behavior\ParseTemplate [ RunTime:0.025526s ]
INFO: [ view_parse ] --END-- [ RunTime:0.025899s ]
INFO: [ view_filter ] --START--
INFO: Run Behavior\WriteHtmlCache [ RunTime:0.000061s ]
INFO: [ view_filter ] --END-- [ RunTime:0.000278s ]
INFO: [ view_end ] --START--
INFO: [ view_end ] --END-- [ RunTime:0.000068s ]
INFO: [ app_end ] --START--
INFO: Run Behavior\ShowPageTrace [ RunTime:0.000119s ]
INFO: [ app_end ] --END-- [ RunTime:0.000269s ]

